[[[[[ ~/Dropbox/MacbookPro/divscraper/webapp ]]]]]

=> Started proxy.
=> Started MongoDB.

Unable to resolve some modules:

  "_http_common" in
/Users/Glenn/Dropbox/MacbookPro/divscraper/webapp/node_modules/http-outgoing/index.js
(os.osx.x86_64)
  "emitter" in
/Users/Glenn/Dropbox/MacbookPro/divscraper/webapp/node_modules/batch/index.js
(os.osx.x86_64)

If you notice problems related to these missing modules, consider running:

  meteor npm install --save _http_common emitter

[34mI20160714-23:24:39.643(-4) (synced-cron-server.js:63) [39mSyncedCron: Scheduled "Load any new stocks" next run @0
[34mI20160714-23:24:39.646(-4) (synced-cron-server.js:63) [39mSyncedCron: Scheduled "Augment new stocks with data" next run @Fri Jul 15 2016 00:00:00 GMT-0400 (EDT)
[34mI20160714-23:24:39.648(-4) (synced-cron-server.js:63) [39mSyncedCron: Scheduled "Screen stocks " next run @Thu Jul 14 2016 23:30:00 GMT-0400 (EDT)
[34mI20160714-23:24:39.649(-4) (synced-cron-server.js:63) [39mSyncedCron: Scheduled "Monitor stocks - Real Time Quotes" next run @0
=> Started your app.

=> App running at: http://localhost:59671/
[34mI20160714-23:30:00.002(-4) (synced-cron-server.js:63) [39mSyncedCron: Starting "Screen stocks ".
[34mI20160714-23:30:00.005(-4)? [39mCRON: stock data screening and scoring
[34mI20160714-23:30:00.027(-4) (synced-cron-server.js:63) [39mSyncedCron: Exception "Screen stocks " ReferenceError: screenStocks is not defined
    at Object.job (imports/startup/synced_cron_config.js:53:9)
    at packages/percolate_synced-cron/synced-cron-server.js:218:1
    at scheduleTimeout (packages/percolate_synced-cron/synced-cron-server.js:266:1)
    at packages/percolate_synced-cron/synced-cron-server.js:314:1
    at [object Object]._.extend.withValue (packages/meteor/dynamics_nodejs.js:56:1)
    at packages/meteor/timers.js:6:1
    at runWithEnvironment (packages/meteor/dynamics_nodejs.js:110:1)
